\BOOKMARK [1][-]{section.1}{Meccanica}{}% 1
\BOOKMARK [2][-]{subsection.1.1}{Lavoro}{section.1}% 2
\BOOKMARK [2][-]{subsection.1.2}{Esempi di lavoro}{section.1}% 3
\BOOKMARK [3][-]{subsubsection.1.2.1}{Lavoro forza peso}{subsection.1.2}% 4
\BOOKMARK [3][-]{subsubsection.1.2.2}{Lavoro forza elastica}{subsection.1.2}% 5
\BOOKMARK [3][-]{subsubsection.1.2.3}{Lavoro forza attrito}{subsection.1.2}% 6
\BOOKMARK [2][-]{subsection.1.3}{Energia cinetica}{section.1}% 7
\BOOKMARK [3][-]{subsubsection.1.3.1}{Teorema delle forze vive}{subsection.1.3}% 8
\BOOKMARK [2][-]{subsection.1.4}{Potenza}{section.1}% 9
\BOOKMARK [2][-]{subsection.1.5}{Forze conservative}{section.1}% 10
\BOOKMARK [3][-]{subsubsection.1.5.1}{Energia potenziale}{subsection.1.5}% 11
\BOOKMARK [3][-]{subsubsection.1.5.2}{Energia meccanica}{subsection.1.5}% 12
\BOOKMARK [3][-]{subsubsection.1.5.3}{Principio di conservazione dell'energia meccanica}{subsection.1.5}% 13
\BOOKMARK [3][-]{subsubsection.1.5.4}{Esercizio forze conservative}{subsection.1.5}% 14
\BOOKMARK [2][-]{subsection.1.6}{Forze non conservative e lavoro}{section.1}% 15
\BOOKMARK [3][-]{subsubsection.1.6.1}{Esempio lavoro forze non conservative}{subsection.1.6}% 16
\BOOKMARK [2][-]{subsection.1.7}{Gravit\340 universale}{section.1}% 17
\BOOKMARK [2][-]{subsection.1.8}{Leggi di Keplero}{section.1}% 18
\BOOKMARK [2][-]{subsection.1.9}{Sistemi di riferimento non inerziali}{section.1}% 19
\BOOKMARK [3][-]{subsubsection.1.9.1}{Convertire una rotazione in vettore}{subsection.1.9}% 20
\BOOKMARK [3][-]{subsubsection.1.9.2}{Legge di Poasson}{subsection.1.9}% 21
