\BOOKMARK [1][-]{section.1}{\376\377\000F\000o\000r\000m\000u\000l\000a\000r\000i\000o}{}% 1
\BOOKMARK [2][-]{subsection.1.1}{\376\377\000U\000n\000i\000t\000\340\000\040\000d\000i\000\040\000m\000i\000s\000u\000r\000a}{section.1}% 2
\BOOKMARK [1][-]{section.2}{\376\377\000I\000n\000t\000r\000o\000d\000u\000z\000i\000o\000n\000e}{}% 3
\BOOKMARK [2][-]{subsection.2.1}{\376\377\000I\000l\000\040\000m\000e\000t\000o\000d\000o\000\040\000s\000p\000e\000r\000i\000m\000e\000n\000t\000a\000l\000e}{section.2}% 4
\BOOKMARK [1][-]{section.3}{\376\377\000C\000i\000n\000e\000t\000i\000c\000a\000\040\000d\000e\000i\000\040\000p\000u\000n\000t\000i}{}% 5
\BOOKMARK [2][-]{subsection.3.1}{\376\377\000S\000i\000s\000t\000e\000m\000a\000\040\000d\000i\000\040\000r\000i\000f\000e\000r\000i\000m\000e\000n\000t\000o}{section.3}% 6
\BOOKMARK [2][-]{subsection.3.2}{\376\377\000D\000i\000a\000g\000r\000a\000m\000m\000a\000\040\000d\000e\000l\000l\000o\000\040\000s\000p\000a\000z\000i\000o}{section.3}% 7
\BOOKMARK [2][-]{subsection.3.3}{\376\377\000C\000a\000s\000o\000\040\000s\000e\000m\000p\000l\000i\000c\000e}{section.3}% 8
\BOOKMARK [2][-]{subsection.3.4}{\376\377\000M\000o\000t\000o\000\040\000r\000e\000t\000t\000i\000l\000i\000n\000e\000o\000\040\000u\000n\000i\000f\000o\000r\000m\000e}{section.3}% 9
\BOOKMARK [2][-]{subsection.3.5}{\376\377\000V\000e\000l\000o\000c\000i\000t\000\340}{section.3}% 10
\BOOKMARK [3][-]{subsubsection.3.5.1}{\376\377\000V\000e\000l\000o\000c\000i\000t\000\340\000\040\000i\000s\000t\000a\000n\000t\000a\000n\000e\000a}{subsection.3.5}% 11
\BOOKMARK [3][-]{subsubsection.3.5.2}{\376\377\000A\000c\000c\000e\000l\000e\000r\000a\000z\000i\000o\000n\000e}{subsection.3.5}% 12
\BOOKMARK [3][-]{subsubsection.3.5.3}{\376\377\000M\000o\000t\000o\000\040\000r\000e\000t\000t\000i\000l\000i\000n\000e\000o\000\040\000u\000n\000i\000f\000o\000r\000m\000e\000m\000e\000n\000t\000e\000\040\000a\000c\000c\000e\000l\000l\000e\000r\000a\000t\000o}{subsection.3.5}% 13
\BOOKMARK [3][-]{subsubsection.3.5.4}{\376\377\000E\000s\000e\000r\000c\000i\000z\000i\000\040\000v\000a\000r\000i\000\040\000s\000u\000i\000\040\000m\000o\000t\000i\000\040\000c\000o\000n\000\040\000f\000o\000r\000m\000u\000l\000e}{subsection.3.5}% 14
\BOOKMARK [4][-]{paragraph.3.5.4.1}{\376\377\000E\000s\000e\000m\000p\000i\000o\000\040\0001\000\040\000\050\000m\000o\000t\000o\000\040\000r\000e\000t\000t\000i\000l\000i\000n\000e\000o\000\040\000u\000n\000i\000f\000o\000r\000m\000e\000\051}{subsubsection.3.5.4}% 15
\BOOKMARK [4][-]{paragraph.3.5.4.2}{\376\377\000E\000s\000e\000m\000p\000i\000o\000\040\0002\000\040\000\050\000m\000o\000t\000o\000\040\000r\000e\000t\000t\000i\000l\000i\000n\000e\000o\000\040\000u\000n\000i\000f\000o\000r\000m\000e\000m\000e\000n\000t\000e\000\040\000a\000c\000c\000e\000l\000l\000e\000r\000a\000t\000o\000\051}{subsubsection.3.5.4}% 16
\BOOKMARK [2][-]{subsection.3.6}{\376\377\000M\000o\000t\000o\000\040\000a\000r\000m\000o\000n\000i\000c\000o}{section.3}% 17
\BOOKMARK [3][-]{subsubsection.3.6.1}{\376\377\000E\000s\000e\000m\000p\000i\000o\000\040\000d\000i\000\040\000m\000o\000t\000o\000\040\000a\000r\000m\000o\000n\000i\000c\000o}{subsection.3.6}% 18
\BOOKMARK [2][-]{subsection.3.7}{\376\377\000I\000\040\000m\000o\000t\000i\000\040\000p\000i\000a\000n\000i}{section.3}% 19
\BOOKMARK [3][-]{subsubsection.3.7.1}{\376\377\000I\000\040\000v\000e\000t\000t\000o\000r\000i}{subsection.3.7}% 20
\BOOKMARK [3][-]{subsubsection.3.7.2}{\376\377\000S\000i\000s\000t\000e\000m\000a\000\040\000d\000i\000\040\000r\000i\000f\000e\000r\000i\000m\000e\000n\000t\000o}{subsection.3.7}% 21
\BOOKMARK [3][-]{subsubsection.3.7.3}{\376\377\000R\000a\000p\000p\000r\000e\000s\000e\000n\000t\000a\000r\000e\000\040\000v\000e\000l\000o\000c\000i\000t\000\340\000\040\000e\000d\000\040\000a\000c\000c\000e\000l\000e\000r\000a\000z\000i\000o\000n\000e}{subsection.3.7}% 22
\BOOKMARK [3][-]{subsubsection.3.7.4}{\376\377\000E\000s\000e\000m\000p\000i\000o}{subsection.3.7}% 23
\BOOKMARK [2][-]{subsection.3.8}{\376\377\000I\000l\000\040\000m\000o\000t\000o\000\040\000p\000a\000r\000a\000b\000o\000l\000i\000c\000o}{section.3}% 24
\BOOKMARK [3][-]{subsubsection.3.8.1}{\376\377\000S\000i\000s\000t\000e\000m\000a\000\040\000d\000i\000\040\000r\000i\000f\000e\000r\000i\000m\000e\000n\000t\000o}{subsection.3.8}% 25
\BOOKMARK [3][-]{subsubsection.3.8.2}{\376\377\000R\000a\000p\000p\000r\000e\000s\000e\000n\000t\000a\000r\000e\000\040\000s\000p\000a\000z\000i\000o\000,\000\040\000g\000i\000t\000t\000a\000t\000a\000\040\000,\000\040\000a\000l\000t\000e\000z\000z\000a\000\040\000m\000a\000s\000s\000i\000m\000a\000\040\000h\000m\000a\000x\000\040\000e\000\040\000v\000e\000l\000o\000c\000i\000t\000\340}{subsection.3.8}% 26
\BOOKMARK [4][-]{paragraph.3.8.2.1}{\376\377\000R\000i\000a\000s\000s\000u\000n\000t\000o}{subsubsection.3.8.2}% 27
\BOOKMARK [2][-]{subsection.3.9}{\376\377\000M\000o\000t\000o\000\040\000c\000i\000r\000c\000o\000l\000a\000r\000e\000\040\000u\000n\000i\000f\000o\000r\000m\000e}{section.3}% 28
\BOOKMARK [3][-]{subsubsection.3.9.1}{\376\377\000F\000o\000r\000m\000u\000l\000e\000\040\000p\000r\000i\000n\000c\000i\000p\000a\000l\000i}{subsection.3.9}% 29
\BOOKMARK [1][-]{section.4}{\376\377\000D\000i\000n\000a\000m\000i\000c\000a}{}% 30
\BOOKMARK [2][-]{subsection.4.1}{\376\377\000L\000e\000g\000g\000i\000\040\000d\000e\000l\000l\000a\000\040\000d\000i\000n\000a\000m\000i\000c\000a}{section.4}% 31
\BOOKMARK [2][-]{subsection.4.2}{\376\377\000F\000o\000r\000z\000e\000\040\000i\000m\000p\000u\000l\000s\000i\000v\000e}{section.4}% 32
\BOOKMARK [3][-]{subsubsection.4.2.1}{\376\377\000E\000s\000e\000m\000p\000i\000o\000\040\000f\000o\000r\000z\000e\000\040\000i\000m\000p\000u\000l\000s\000i\000v\000e}{subsection.4.2}% 33
\BOOKMARK [3][-]{subsubsection.4.2.2}{\376\377\000E\000s\000e\000r\000c\000i\000z\000i\000o\000\040\000s\000u\000\040\000f\000o\000r\000z\000e\000\040\000i\000m\000p\000u\000l\000s\000i\000v\000e}{subsection.4.2}% 34
\BOOKMARK [2][-]{subsection.4.3}{\376\377\000E\000s\000e\000r\000c\000i\000z\000i\000\040\000s\000u\000l\000l\000a\000\040\000d\000i\000n\000a\000m\000i\000c\000a}{section.4}% 35
\BOOKMARK [2][-]{subsection.4.4}{\376\377\000F\000o\000r\000z\000e\000\040\000f\000o\000n\000d\000a\000m\000e\000n\000t\000a\000l\000i}{section.4}% 36
\BOOKMARK [2][-]{subsection.4.5}{\376\377\000F\000o\000r\000z\000e}{section.4}% 37
\BOOKMARK [3][-]{subsubsection.4.5.1}{\376\377\000F\000o\000r\000z\000a\000\040\000p\000e\000s\000o}{subsection.4.5}% 38
\BOOKMARK [4][-]{paragraph.4.5.1.1}{\376\377\000E\000s\000e\000m\000p\000i\000o\000\040\000s\000e\000n\000s\000a\000z\000i\000o\000n\000e\000\040\000d\000e\000l\000\040\000p\000e\000s\000o}{subsubsection.4.5.1}% 39
\BOOKMARK [3][-]{subsubsection.4.5.2}{\376\377\000F\000o\000r\000z\000a\000\040\000g\000r\000a\000v\000i\000t\000a\000z\000i\000o\000n\000a\000l\000e}{subsection.4.5}% 40
\BOOKMARK [3][-]{subsubsection.4.5.3}{\376\377\000F\000o\000r\000z\000a\000\040\000e\000l\000a\000s\000t\000i\000c\000a}{subsection.4.5}% 41
\BOOKMARK [3][-]{subsubsection.4.5.4}{\376\377\000F\000o\000r\000z\000a\000\040\000d\000i\000\040\000a\000t\000t\000r\000i\000t\000o\000\040\000\050\000r\000a\000d\000e\000n\000t\000e\000\051}{subsection.4.5}% 42
\BOOKMARK [4][-]{paragraph.4.5.4.1}{\376\377\000E\000s\000e\000m\000p\000i\000o\000\040\000d\000i\000\040\000c\000a\000l\000c\000o\000l\000o\000\040\000d\000e\000l\000\040\000c\000o\000e\000f\000f\000i\000c\000i\000e\000n\000t\000e\000\040\000d\000i\000\040\000a\000t\000t\000r\000i\000t\000o\000\040\000s\000t\000a\000t\000i\000c\000o}{subsubsection.4.5.4}% 43
\BOOKMARK [2][-]{subsection.4.6}{\376\377\000P\000i\000a\000n\000o\000\040\000i\000n\000c\000l\000i\000n\000a\000t\000o}{section.4}% 44
\BOOKMARK [3][-]{subsubsection.4.6.1}{\376\377\000S\000i\000s\000t\000e\000m\000a\000\040\000d\000i\000\040\000r\000i\000f\000e\000r\000i\000m\000e\000n\000t\000o}{subsection.4.6}% 45
\BOOKMARK [3][-]{subsubsection.4.6.2}{\376\377\000E\000s\000e\000m\000p\000i\000o}{subsection.4.6}% 46
\BOOKMARK [4][-]{paragraph.4.6.2.1}{\376\377\000V\000e\000r\000s\000i\000o\000n\000e\000\040\000s\000e\000n\000z\000a\000\040\000a\000t\000t\000r\000i\000t\000o}{subsubsection.4.6.2}% 47
\BOOKMARK [4][-]{paragraph.4.6.2.2}{\376\377\000V\000e\000r\000s\000i\000o\000n\000e\000\040\000c\000o\000n\000\040\000a\000t\000t\000r\000i\000t\000o}{subsubsection.4.6.2}% 48
\BOOKMARK [3][-]{subsubsection.4.6.3}{\376\377\000E\000s\000e\000m\000p\000i\000o\000\040\000d\000i\000\040\000c\000a\000l\000c\000o\000l\000o\000\040\000d\000e\000l\000\040\000c\000o\000e\000f\000f\000i\000c\000i\000e\000n\000t\000e\000\040\000d\000i\000\040\000a\000t\000t\000r\000i\000t\000o\000\040\000d\000i\000n\000a\000m\000i\000c\000o}{subsection.4.6}% 49
\BOOKMARK [2][-]{subsection.4.7}{\376\377\000P\000e\000n\000d\000o\000l\000o\000\040\000s\000e\000m\000p\000l\000i\000c\000e}{section.4}% 50
\BOOKMARK [3][-]{subsubsection.4.7.1}{\376\377\000S\000i\000s\000t\000e\000m\000a\000\040\000d\000i\000\040\000r\000i\000f\000e\000r\000i\000m\000e\000n\000t\000o\000\040\000s\000u\000l\000\040\000p\000e\000s\000o}{subsection.4.7}% 51
\BOOKMARK [3][-]{subsubsection.4.7.2}{\376\377\000S\000i\000s\000t\000e\000m\000a\000\040\000d\000i\000\040\000r\000i\000f\000e\000r\000i\000m\000e\000n\000t\000o\000\040\000n\000e\000l\000l\000a\000\040\000p\000o\000s\000i\000z\000i\000o\000n\000e\000\040\000d\000i\000\040\000e\000q\000u\000i\000l\000i\000b\000r\000i\000o}{subsection.4.7}% 52
\BOOKMARK [4][-]{paragraph.4.7.2.1}{\376\377\000C\000a\000l\000c\000o\000l\000a\000r\000e\000\040\000s\000p\000a\000z\000i\000o\000,\000\040\000v\000e\000l\000o\000c\000i\000t\000\340\000\040\000e\000\040\000a\000c\000c\000e\000l\000e\000r\000a\000z\000i\000o\000n\000e}{subsubsection.4.7.2}% 53
\BOOKMARK [4][-]{paragraph.4.7.2.2}{\376\377\000L\000e\000\040\000p\000i\000c\000c\000o\000l\000e\000\040\000o\000s\000c\000i\000l\000l\000a\000z\000i\000o\000n\000i}{subsubsection.4.7.2}% 54
\BOOKMARK [2][-]{subsection.4.8}{\376\377\000E\000s\000e\000r\000c\000i\000z\000i\000o\000\040\000s\000u\000l\000l\000a\000\040\000d\000i\000n\000a\000m\000i\000c\000a}{section.4}% 55
\BOOKMARK [3][-]{subsubsection.4.8.1}{\376\377\000S\000t\000u\000d\000i\000o\000\040\000d\000e\000l\000l\000a\000\040\000d\000i\000n\000a\000m\000i\000c\000a\000\040\000d\000e\000l\000\040\000p\000r\000o\000b\000l\000e\000m\000a}{subsection.4.8}% 56
\BOOKMARK [3][-]{subsubsection.4.8.2}{\376\377\000A\000l\000l\000u\000n\000g\000a\000m\000e\000n\000t\000o\000\040\000m\000a\000s\000s\000i\000m\000o}{subsection.4.8}% 57
\BOOKMARK [3][-]{subsubsection.4.8.3}{\376\377\000P\000o\000s\000i\000z\000i\000o\000n\000e\000\040\000d\000i\000\040\000v\000e\000l\000o\000c\000i\000t\000\340\000\040\000m\000a\000s\000s\000i\000m\000a}{subsection.4.8}% 58
\BOOKMARK [3][-]{subsubsection.4.8.4}{\376\377\000V\000e\000l\000o\000c\000i\000t\000\340\000\040\000m\000a\000s\000s\000i\000m\000a}{subsection.4.8}% 59
\BOOKMARK [3][-]{subsubsection.4.8.5}{\376\377\000C\000a\000l\000c\000o\000l\000i\000a\000m\000o\000\040\000l\000a\000\040\000T}{subsection.4.8}% 60
\BOOKMARK [4][-]{paragraph.4.8.5.1}{\376\377\000I\000l\000\040\000p\000e\000r\000i\000o\000d\000o}{subsubsection.4.8.5}% 61
\BOOKMARK [4][-]{paragraph.4.8.5.2}{\376\377\000L\000a\000\040\000t\000e\000n\000s\000i\000o\000n\000e}{subsubsection.4.8.5}% 62
\BOOKMARK [1][-]{section.5}{\376\377\000M\000e\000c\000c\000a\000n\000i\000c\000a}{}% 63
\BOOKMARK [2][-]{subsection.5.1}{\376\377\000L\000a\000v\000o\000r\000o}{section.5}% 64
\BOOKMARK [2][-]{subsection.5.2}{\376\377\000E\000s\000e\000m\000p\000i\000\040\000d\000i\000\040\000l\000a\000v\000o\000r\000o}{section.5}% 65
\BOOKMARK [3][-]{subsubsection.5.2.1}{\376\377\000L\000a\000v\000o\000r\000o\000\040\000f\000o\000r\000z\000a\000\040\000p\000e\000s\000o}{subsection.5.2}% 66
\BOOKMARK [3][-]{subsubsection.5.2.2}{\376\377\000L\000a\000v\000o\000r\000o\000\040\000f\000o\000r\000z\000a\000\040\000e\000l\000a\000s\000t\000i\000c\000a}{subsection.5.2}% 67
\BOOKMARK [3][-]{subsubsection.5.2.3}{\376\377\000L\000a\000v\000o\000r\000o\000\040\000f\000o\000r\000z\000a\000\040\000a\000t\000t\000r\000i\000t\000o}{subsection.5.2}% 68
\BOOKMARK [2][-]{subsection.5.3}{\376\377\000E\000n\000e\000r\000g\000i\000a\000\040\000c\000i\000n\000e\000t\000i\000c\000a}{section.5}% 69
\BOOKMARK [3][-]{subsubsection.5.3.1}{\376\377\000T\000e\000o\000r\000e\000m\000a\000\040\000d\000e\000l\000l\000e\000\040\000f\000o\000r\000z\000e\000\040\000v\000i\000v\000e}{subsection.5.3}% 70
\BOOKMARK [2][-]{subsection.5.4}{\376\377\000P\000o\000t\000e\000n\000z\000a}{section.5}% 71
\BOOKMARK [2][-]{subsection.5.5}{\376\377\000F\000o\000r\000z\000e\000\040\000c\000o\000n\000s\000e\000r\000v\000a\000t\000i\000v\000e}{section.5}% 72
\BOOKMARK [3][-]{subsubsection.5.5.1}{\376\377\000E\000n\000e\000r\000g\000i\000a\000\040\000p\000o\000t\000e\000n\000z\000i\000a\000l\000e}{subsection.5.5}% 73
\BOOKMARK [3][-]{subsubsection.5.5.2}{\376\377\000E\000n\000e\000r\000g\000i\000a\000\040\000m\000e\000c\000c\000a\000n\000i\000c\000a}{subsection.5.5}% 74
\BOOKMARK [3][-]{subsubsection.5.5.3}{\376\377\000P\000r\000i\000n\000c\000i\000p\000i\000o\000\040\000d\000i\000\040\000c\000o\000n\000s\000e\000r\000v\000a\000z\000i\000o\000n\000e\000\040\000d\000e\000l\000l\000'\000e\000n\000e\000r\000g\000i\000a\000\040\000m\000e\000c\000c\000a\000n\000i\000c\000a}{subsection.5.5}% 75
\BOOKMARK [3][-]{subsubsection.5.5.4}{\376\377\000E\000s\000e\000r\000c\000i\000z\000i\000o\000\040\000f\000o\000r\000z\000e\000\040\000c\000o\000n\000s\000e\000r\000v\000a\000t\000i\000v\000e}{subsection.5.5}% 76
\BOOKMARK [2][-]{subsection.5.6}{\376\377\000F\000o\000r\000z\000e\000\040\000n\000o\000n\000\040\000c\000o\000n\000s\000e\000r\000v\000a\000t\000i\000v\000e\000\040\000e\000\040\000l\000a\000v\000o\000r\000o}{section.5}% 77
\BOOKMARK [3][-]{subsubsection.5.6.1}{\376\377\000E\000s\000e\000m\000p\000i\000o\000\040\000l\000a\000v\000o\000r\000o\000\040\000f\000o\000r\000z\000e\000\040\000n\000o\000n\000\040\000c\000o\000n\000s\000e\000r\000v\000a\000t\000i\000v\000e}{subsection.5.6}% 78
\BOOKMARK [3][-]{subsubsection.5.6.2}{\376\377\000E\000s\000e\000m\000p\000i\000o\000\040\000e\000n\000e\000r\000g\000i\000e}{subsection.5.6}% 79
\BOOKMARK [2][-]{subsection.5.7}{\376\377\000G\000r\000a\000v\000i\000t\000\340\000\040\000u\000n\000i\000v\000e\000r\000s\000a\000l\000e}{section.5}% 80
\BOOKMARK [2][-]{subsection.5.8}{\376\377\000L\000e\000g\000g\000i\000\040\000d\000i\000\040\000K\000e\000p\000l\000e\000r\000o}{section.5}% 81
\BOOKMARK [2][-]{subsection.5.9}{\376\377\000S\000i\000s\000t\000e\000m\000i\000\040\000d\000i\000\040\000r\000i\000f\000e\000r\000i\000m\000e\000n\000t\000o\000\040\000n\000o\000n\000\040\000i\000n\000e\000r\000z\000i\000a\000l\000i}{section.5}% 82
\BOOKMARK [3][-]{subsubsection.5.9.1}{\376\377\000C\000o\000n\000v\000e\000r\000t\000i\000r\000e\000\040\000u\000n\000a\000\040\000r\000o\000t\000a\000z\000i\000o\000n\000e\000\040\000i\000n\000\040\000v\000e\000t\000t\000o\000r\000e}{subsection.5.9}% 83
\BOOKMARK [3][-]{subsubsection.5.9.2}{\376\377\000P\000r\000o\000d\000o\000t\000t\000o\000\040\000v\000e\000t\000t\000o\000r\000i\000a\000l\000e}{subsection.5.9}% 84
\BOOKMARK [3][-]{subsubsection.5.9.3}{\376\377\000L\000e\000g\000g\000e\000\040\000d\000i\000\040\000P\000o\000i\000s\000s\000o\000n}{subsection.5.9}% 85
\BOOKMARK [3][-]{subsubsection.5.9.4}{\376\377\000C\000a\000m\000b\000i\000a\000r\000e\000\040\000i\000l\000\040\000s\000i\000s\000t\000e\000m\000a\000\040\000d\000i\000\040\000r\000i\000f\000e\000r\000i\000m\000e\000n\000t\000o}{subsection.5.9}% 86
\BOOKMARK [4][-]{paragraph.5.9.4.1}{\376\377\000S\000p\000a\000z\000i\000o\000\040\000i\000n\000\040\000u\000n\000\040\000s\000i\000s\000t\000e\000m\000a\000\040\000n\000o\000n\000\040\000i\000n\000e\000r\000z\000i\000a\000l\000e}{subsubsection.5.9.4}% 87
\BOOKMARK [4][-]{paragraph.5.9.4.2}{\376\377\000V\000e\000l\000o\000c\000i\000t\000\340\000\040\000i\000n\000\040\000u\000n\000\040\000s\000i\000s\000t\000e\000m\000a\000\040\000n\000o\000n\000\040\000i\000n\000e\000r\000z\000i\000a\000l\000e\000\040\000\050\000t\000e\000o\000r\000e\000m\000a\000\040\000d\000e\000l\000l\000e\000\040\000v\000e\000l\000o\000c\000i\000t\000\340\000\040\000r\000e\000l\000a\000t\000i\000v\000e\000\051}{subsubsection.5.9.4}% 88
\BOOKMARK [4][-]{paragraph.5.9.4.3}{\376\377\000A\000c\000c\000e\000l\000e\000r\000a\000z\000i\000o\000n\000e\000\040\000i\000n\000\040\000u\000n\000\040\000s\000i\000s\000t\000e\000m\000a\000\040\000n\000o\000n\000\040\000i\000n\000e\000r\000z\000i\000a\000l\000e\000\040\000\050\000t\000e\000o\000r\000e\000m\000a\000\040\000d\000e\000l\000l\000e\000\040\000a\000c\000c\000e\000l\000e\000r\000a\000z\000i\000o\000n\000i\000\040\000r\000e\000l\000a\000t\000i\000v\000e\000\051}{subsubsection.5.9.4}% 89
\BOOKMARK [4][-]{paragraph.5.9.4.4}{\376\377\000R\000i\000a\000s\000s\000u\000m\000e\000n\000d\000o}{subsubsection.5.9.4}% 90
\BOOKMARK [2][-]{subsection.5.10}{\376\377\000F\000o\000r\000z\000e\000\040\000a\000p\000p\000a\000r\000e\000n\000t\000i}{section.5}% 91
\BOOKMARK [3][-]{subsubsection.5.10.1}{\376\377\000P\000r\000i\000n\000c\000i\000p\000i\000o\000\040\000d\000i\000\040\000r\000e\000l\000a\000t\000i\000v\000i\000t\000\340\000\040\000g\000a\000l\000i\000l\000e\000i\000a\000n\000a}{subsection.5.10}% 92
\BOOKMARK [3][-]{subsubsection.5.10.2}{\376\377\000E\000s\000e\000m\000p\000i\000o\000\040\0001\000\040\000f\000o\000r\000z\000e\000\040\000a\000p\000p\000a\000r\000e\000n\000t\000i}{subsection.5.10}% 93
\BOOKMARK [3][-]{subsubsection.5.10.3}{\376\377\000E\000s\000e\000m\000p\000i\000o\000\040\0002\000\040\000f\000o\000r\000z\000e\000\040\000a\000p\000p\000a\000r\000e\000n\000t\000i}{subsection.5.10}% 94
\BOOKMARK [2][-]{subsection.5.11}{\376\377\000P\000u\000n\000t\000o\000\040\000m\000a\000t\000e\000r\000i\000a\000l\000e}{section.5}% 95
\BOOKMARK [3][-]{subsubsection.5.11.1}{\376\377\000E\000s\000e\000r\000c\000i\000z\000i\000o\000\040\000c\000e\000n\000t\000r\000o\000\040\000d\000i\000\040\000m\000a\000s\000s\000a}{subsection.5.11}% 96
\BOOKMARK [3][-]{subsubsection.5.11.2}{\376\377\000S\000i\000s\000t\000e\000m\000a\000\040\000i\000s\000o\000l\000a\000t\000o}{subsection.5.11}% 97
\BOOKMARK [3][-]{subsubsection.5.11.3}{\376\377\000P\000r\000i\000n\000c\000i\000p\000i\000o\000\040\000d\000i\000\040\000c\000o\000n\000s\000e\000r\000v\000a\000z\000i\000o\000n\000e\000\040\000d\000e\000l\000l\000a\000\040\000q\000u\000a\000n\000t\000i\000t\000\340\000\040\000d\000i\000\040\000m\000o\000t\000o}{subsection.5.11}% 98
\BOOKMARK [2][-]{subsection.5.12}{\376\377\000G\000l\000i\000\040\000u\000r\000t\000i}{section.5}% 99
\BOOKMARK [3][-]{subsubsection.5.12.1}{\376\377\000C\000o\000n\000s\000e\000r\000v\000a\000z\000i\000o\000n\000e\000\040\000d\000e\000l\000l\000a\000\040\000q\000u\000a\000n\000t\000i\000t\000\340\000\040\000d\000i\000\040\000m\000o\000t\000o}{subsection.5.12}% 100
\BOOKMARK [4][-]{paragraph.5.12.1.1}{\376\377\000E\000s\000e\000m\000p\000i\000o\000\040\000n\000e\000u\000t\000r\000i\000n\000i\000\040\000\050\000o\000g\000g\000e\000t\000t\000i\000\040\000c\000h\000e\000\040\000"\000e\000s\000p\000l\000o\000d\000o\000n\000o\000"\000\051}{subsubsection.5.12.1}% 101
\BOOKMARK [3][-]{subsubsection.5.12.2}{\376\377\000U\000r\000t\000o\000\040\000\050\000p\000u\000r\000a\000m\000e\000n\000t\000e\000\051\000\040\000a\000n\000e\000l\000a\000s\000t\000i\000c\000o}{subsection.5.12}% 102
\BOOKMARK [4][-]{paragraph.5.12.2.1}{\376\377\000E\000n\000e\000r\000g\000i\000e\000\040\000c\000i\000n\000e\000t\000i\000c\000h\000e}{subsubsection.5.12.2}% 103
\BOOKMARK [4][-]{paragraph.5.12.2.2}{\376\377\000E\000s\000e\000r\000c\000i\000z\000i\000o\000\040\000u\000r\000t\000o\000\040\000u\000n\000e\000l\000a\000s\000t\000i\000c\000o}{subsubsection.5.12.2}% 104
\BOOKMARK [3][-]{subsubsection.5.12.3}{\376\377\000U\000r\000t\000o\000\040\000e\000l\000a\000s\000t\000i\000c\000o}{subsection.5.12}% 105
\BOOKMARK [4][-]{paragraph.5.12.3.1}{\376\377\000E\000s\000e\000m\000p\000i\000o\000\040\000d\000i\000\040\000e\000s\000e\000r\000c\000i\000z\000i\000o}{subsubsection.5.12.3}% 106
\BOOKMARK [1][-]{section.6}{\376\377\000T\000e\000r\000m\000o\000d\000i\000n\000a\000m\000i\000c\000a}{}% 107
\BOOKMARK [2][-]{subsection.6.1}{\376\377\000N\000u\000m\000e\000r\000o\000\040\000d\000i\000\040\000A\000v\000o\000g\000a\000d\000r\000o}{section.6}% 108
\BOOKMARK [2][-]{subsection.6.2}{\376\377\000S\000i\000s\000t\000e\000m\000a\000\040\000t\000e\000r\000m\000o\000d\000i\000n\000a\000m\000i\000c\000o}{section.6}% 109
\BOOKMARK [2][-]{subsection.6.3}{\376\377\000V\000a\000r\000i\000a\000b\000i\000l\000i\000\040\000t\000e\000r\000m\000o\000d\000i\000n\000a\000m\000i\000c\000h\000e}{section.6}% 110
\BOOKMARK [2][-]{subsection.6.4}{\376\377\000E\000q\000u\000i\000l\000i\000b\000r\000i\000o\000\040\000t\000e\000r\000m\000o\000d\000i\000n\000a\000m\000i\000c\000o}{section.6}% 111
\BOOKMARK [2][-]{subsection.6.5}{\376\377\000T\000r\000a\000s\000f\000o\000r\000m\000a\000z\000i\000o\000n\000e\000\040\000t\000e\000r\000m\000o\000d\000i\000n\000a\000m\000i\000c\000a}{section.6}% 112
\BOOKMARK [2][-]{subsection.6.6}{\376\377\000T\000e\000m\000p\000e\000r\000a\000t\000u\000r\000a}{section.6}% 113
\BOOKMARK [3][-]{subsubsection.6.6.1}{\376\377\000U\000n\000i\000t\000\340\000\040\000d\000i\000\040\000m\000i\000s\000u\000r\000a\000\040\000t\000e\000m\000p\000e\000r\000a\000t\000u\000r\000a}{subsection.6.6}% 114
\BOOKMARK [3][-]{subsubsection.6.6.2}{\376\377\000P\000u\000n\000t\000o\000\040\000t\000r\000i\000p\000l\000o\000\040\000d\000e\000l\000l\000'\000H\0002\000O}{subsection.6.6}% 115
\BOOKMARK [3][-]{subsubsection.6.6.3}{\376\377\000T\000e\000r\000m\000o\000m\000e\000t\000r\000o}{subsection.6.6}% 116
\BOOKMARK [3][-]{subsubsection.6.6.4}{\376\377\000C\000o\000n\000t\000a\000t\000t\000o\000\040\000t\000e\000r\000m\000i\000c\000o}{subsection.6.6}% 117
\BOOKMARK [3][-]{subsubsection.6.6.5}{\376\377\000P\000r\000i\000n\000c\000i\000p\000i\000o\000\040\000z\000e\000r\000o\000\040\000d\000e\000l\000l\000a\000\040\000t\000e\000r\000m\000o\000d\000i\000n\000a\000m\000i\000c\000a}{subsection.6.6}% 118
\BOOKMARK [2][-]{subsection.6.7}{\376\377\000E\000s\000p\000e\000r\000i\000m\000e\000n\000t\000o\000\040\000d\000i\000\040\000J\000o\000u\000l\000e}{section.6}% 119
\BOOKMARK [2][-]{subsection.6.8}{\376\377\000C\000a\000l\000o\000r\000e}{section.6}% 120
\BOOKMARK [3][-]{subsubsection.6.8.1}{\376\377\000E\000s\000e\000m\000p\000i\000o\000\040\000d\000i\000\040\000c\000a\000l\000o\000r\000e}{subsection.6.8}% 121
\BOOKMARK [2][-]{subsection.6.9}{\376\377\000P\000r\000i\000n\000c\000i\000p\000i\000o\000\040\000d\000i\000\040\000e\000q\000u\000i\000v\000a\000l\000e\000n\000z\000a\000\040\000c\000a\000l\000o\000r\000e\000-\000l\000a\000v\000o\000r\000o}{section.6}% 122
\BOOKMARK [2][-]{subsection.6.10}{\376\377\000I\000\040\000p\000r\000i\000n\000c\000i\000p\000i\000o\000\040\000d\000e\000l\000l\000a\000\040\000t\000e\000r\000m\000o\000d\000i\000n\000a\000m\000i\000c\000a}{section.6}% 123
\BOOKMARK [2][-]{subsection.6.11}{\376\377\000T\000i\000p\000i\000\040\000d\000i\000\040\000t\000r\000a\000s\000f\000o\000r\000m\000a\000z\000i\000o\000n\000i\000\040\000t\000e\000r\000m\000o\000d\000i\000n\000a\000m\000i\000c\000h\000e}{section.6}% 124
\BOOKMARK [3][-]{subsubsection.6.11.1}{\376\377\000T\000r\000a\000s\000f\000o\000r\000m\000a\000z\000i\000o\000n\000e\000\040\000c\000i\000c\000l\000i\000c\000a}{subsection.6.11}% 125
\BOOKMARK [3][-]{subsubsection.6.11.2}{\376\377\000T\000r\000a\000s\000f\000o\000r\000m\000a\000z\000i\000o\000n\000e\000\040\000q\000u\000a\000s\000i\000-\000s\000t\000a\000t\000i\000c\000a}{subsection.6.11}% 126
\BOOKMARK [3][-]{subsubsection.6.11.3}{\376\377\000T\000r\000a\000s\000f\000o\000r\000m\000a\000z\000i\000o\000n\000e\000\040\000r\000e\000v\000e\000r\000s\000i\000b\000i\000l\000e}{subsection.6.11}% 127
\BOOKMARK [4][-]{paragraph.6.11.3.1}{\376\377\000E\000s\000e\000m\000p\000i\000o\000\040\000t\000r\000a\000s\000f\000o\000r\000m\000a\000z\000i\000o\000n\000e\000\040\000r\000e\000v\000e\000r\000s\000i\000b\000i\000l\000e}{subsubsection.6.11.3}% 128
\BOOKMARK [4][-]{paragraph.6.11.3.2}{\376\377\000E\000s\000e\000m\000p\000i\000o\000\040\000t\000r\000a\000s\000f\000o\000r\000m\000a\000z\000i\000o\000n\000e\000\040\000n\000o\000n\000\040\000r\000e\000v\000e\000r\000s\000i\000b\000i\000l\000e}{subsubsection.6.11.3}% 129
\BOOKMARK [3][-]{subsubsection.6.11.4}{\376\377\000L\000e\000n\000t\000e\000z\000z\000a}{subsection.6.11}% 130
\BOOKMARK [2][-]{subsection.6.12}{\376\377\000C\000a\000l\000o\000r\000i\000m\000e\000t\000r\000i\000a}{section.6}% 131
\BOOKMARK [3][-]{subsubsection.6.12.1}{\376\377\000C\000a\000l\000o\000r\000e\000\040\000s\000p\000e\000c\000i\000f\000i\000c\000o}{subsection.6.12}% 132
\BOOKMARK [3][-]{subsubsection.6.12.2}{\376\377\000C\000a\000l\000o\000r\000i\000m\000e\000t\000r\000o}{subsection.6.12}% 133
\BOOKMARK [3][-]{subsubsection.6.12.3}{\376\377\000C\000a\000p\000a\000c\000i\000t\000\340\000\040\000t\000e\000r\000m\000i\000c\000a}{subsection.6.12}% 134
\BOOKMARK [2][-]{subsection.6.13}{\376\377\000C\000a\000m\000b\000i\000\040\000d\000i\000\040\000f\000a\000s\000e}{section.6}% 135
\BOOKMARK [3][-]{subsubsection.6.13.1}{\376\377\000C\000a\000l\000o\000r\000i\000\040\000l\000a\000t\000e\000n\000t\000i}{subsection.6.13}% 136
\BOOKMARK [4][-]{paragraph.6.13.1.1}{\376\377\000E\000s\000e\000m\000p\000i\000o}{subsubsection.6.13.1}% 137
\BOOKMARK [4][-]{paragraph.6.13.1.2}{\376\377\000E\000s\000e\000m\000p\000i\000o\000\040\000t\000e\000m\000p\000e\000r\000a\000t\000u\000r\000a\000\040\000d\000i\000\040\000e\000q\000u\000i\000l\000i\000b\000r\000i\000o}{subsubsection.6.13.1}% 138
\BOOKMARK [2][-]{subsection.6.14}{\376\377\000T\000r\000a\000s\000f\000e\000r\000i\000m\000e\000n\000t\000o\000\040\000d\000i\000\040\000c\000a\000l\000o\000r\000e}{section.6}% 139
\BOOKMARK [3][-]{subsubsection.6.14.1}{\376\377\000C\000o\000n\000d\000u\000z\000i\000o\000n\000e}{subsection.6.14}% 140
\BOOKMARK [4][-]{paragraph.6.14.1.1}{\376\377\000L\000a\000\040\000c\000o\000s\000t\000a\000n\000t\000e\000\040\000d\000i\000\040\000c\000o\000n\000d\000u\000c\000i\000b\000i\000l\000i\000t\000\340}{subsubsection.6.14.1}% 141
\BOOKMARK [3][-]{subsubsection.6.14.2}{\376\377\000C\000o\000n\000v\000e\000z\000i\000o\000n\000e}{subsection.6.14}% 142
\BOOKMARK [3][-]{subsubsection.6.14.3}{\376\377\000I\000r\000r\000a\000g\000g\000i\000a\000m\000e\000n\000t\000o}{subsection.6.14}% 143
\BOOKMARK [4][-]{paragraph.6.14.3.1}{\376\377\000E\000s\000e\000r\000c\000i\000z\000i\000o\000\040\000c\000o\000n\000\040\000c\000o\000s\000t\000a\000n\000t\000e\000\040\000s\000o\000l\000a\000r\000e}{subsubsection.6.14.3}% 144
\BOOKMARK [3][-]{subsubsection.6.14.4}{\376\377\000C\000o\000n\000t\000e\000n\000i\000t\000o\000r\000e\000\040\000a\000d\000i\000a\000b\000a\000t\000i\000c\000o}{subsection.6.14}% 145
\BOOKMARK [2][-]{subsection.6.15}{\376\377\000G\000a\000s\000\040\000i\000d\000e\000a\000l\000i}{section.6}% 146
\BOOKMARK [3][-]{subsubsection.6.15.1}{\376\377\000L\000e\000\040\000v\000a\000r\000i\000a\000b\000i\000l\000i\000\040\000p\000r\000i\000n\000c\000i\000p\000a\000l\000i}{subsection.6.15}% 147
\BOOKMARK [4][-]{paragraph.6.15.1.1}{\376\377\000V\000o\000l\000u\000m\000e}{subsubsection.6.15.1}% 148
\BOOKMARK [4][-]{paragraph.6.15.1.2}{\376\377\000P\000r\000e\000s\000s\000i\000o\000n\000e}{subsubsection.6.15.1}% 149
\BOOKMARK [4][-]{paragraph.6.15.1.3}{\376\377\000T\000e\000m\000p\000e\000r\000a\000t\000u\000r\000a}{subsubsection.6.15.1}% 150
\BOOKMARK [3][-]{subsubsection.6.15.2}{\376\377\000E\000q\000u\000a\000z\000i\000o\000n\000e\000\040\000d\000i\000\040\000s\000t\000a\000t\000o\000\040\000d\000e\000i\000\040\000g\000a\000s\000\040\000i\000d\000e\000a\000l\000i\000\040\000\050\000o\000\040\000p\000e\000r\000f\000e\000t\000t\000i\000\051}{subsection.6.15}% 151
\BOOKMARK [4][-]{paragraph.6.15.2.1}{\376\377\000L\000e\000g\000g\000e\000\040\000i\000s\000o\000c\000o\000r\000a\000\040\000d\000i\000\040\000G\000a\000y\000-\000L\000u\000s\000s\000a\000c}{subsubsection.6.15.2}% 152
\BOOKMARK [4][-]{paragraph.6.15.2.2}{\376\377\000L\000e\000g\000g\000e\000\040\000i\000s\000o\000b\000a\000r\000a\000\040\000d\000i\000\040\000G\000a\000y\000-\000L\000u\000s\000s\000a\000c}{subsubsection.6.15.2}% 153
\BOOKMARK [4][-]{paragraph.6.15.2.3}{\376\377\000L\000e\000g\000g\000e\000\040\000i\000s\000o\000t\000e\000r\000m\000a\000\040\000d\000i\000\040\000B\000o\000y\000l\000e}{subsubsection.6.15.2}% 154
\BOOKMARK [4][-]{paragraph.6.15.2.4}{\376\377\000L\000e\000g\000g\000e\000\040\000d\000i\000\040\000A\000v\000o\000g\000a\000d\000r\000o}{subsubsection.6.15.2}% 155
\BOOKMARK [4][-]{paragraph.6.15.2.5}{\376\377\000M\000e\000t\000t\000i\000a\000m\000o\000\040\000t\000u\000t\000t\000e\000\040\000l\000e\000\040\000l\000e\000g\000g\000i\000\040\000i\000n\000s\000i\000e\000m\000e}{subsubsection.6.15.2}% 156
\BOOKMARK [4][-]{paragraph.6.15.2.6}{\376\377\000E\000s\000e\000m\000p\000i\000o}{subsubsection.6.15.2}% 157
\BOOKMARK [3][-]{subsubsection.6.15.3}{\376\377\000L\000a\000v\000o\000r\000o\000\040\000d\000e\000i\000\040\000g\000a\000s}{subsection.6.15}% 158
\BOOKMARK [3][-]{subsubsection.6.15.4}{\376\377\000E\000n\000e\000r\000g\000i\000a\000\040\000i\000n\000t\000e\000r\000n\000a\000\040\000d\000e\000i\000\040\000g\000a\000s}{subsection.6.15}% 159
\BOOKMARK [4][-]{paragraph.6.15.4.1}{\376\377\000E\000s\000p\000e\000r\000i\000m\000e\000n\000t\000o\000\040\000d\000e\000l\000l\000'\000e\000s\000p\000a\000s\000i\000o\000n\000e\000\040\000l\000i\000b\000e\000r\000a\000\040\000d\000e\000l\000\040\000g\000a\000s}{subsubsection.6.15.4}% 160
\BOOKMARK [4][-]{paragraph.6.15.4.2}{\376\377\000T\000e\000o\000r\000i\000a\000\040\000c\000i\000n\000e\000t\000i\000c\000a\000\040\000d\000e\000i\000\040\000g\000a\000s}{subsubsection.6.15.4}% 161
\BOOKMARK [2][-]{subsection.6.16}{\376\377\000T\000r\000a\000s\000f\000o\000r\000m\000a\000z\000i\000o\000n\000i\000\040\000p\000a\000r\000t\000i\000c\000o\000l\000a\000r\000i\000\040\000d\000e\000i\000\040\000g\000a\000s\000\040\000i\000d\000e\000a\000l\000i}{section.6}% 162
\BOOKMARK [3][-]{subsubsection.6.16.1}{\376\377\000T\000r\000a\000s\000f\000o\000r\000m\000a\000z\000i\000o\000n\000e\000\040\000i\000s\000o\000c\000o\000r\000a}{subsection.6.16}% 163
\BOOKMARK [3][-]{subsubsection.6.16.2}{\376\377\000T\000r\000a\000s\000f\000o\000r\000m\000a\000z\000i\000o\000n\000e\000\040\000i\000s\000o\000b\000a\000r\000a}{subsection.6.16}% 164
\BOOKMARK [3][-]{subsubsection.6.16.3}{\376\377\000R\000e\000l\000a\000z\000i\000o\000n\000e\000\040\000d\000i\000\040\000M\000a\000y\000e\000r}{subsection.6.16}% 165
\BOOKMARK [3][-]{subsubsection.6.16.4}{\376\377\000C\000a\000l\000o\000r\000e\000\040\000s\000p\000e\000c\000i\000f\000i\000c\000o\000\040\000a\000\040\000v\000o\000l\000u\000m\000e\000\040\000c\000o\000s\000t\000a\000n\000t\000e}{subsection.6.16}% 166
\BOOKMARK [3][-]{subsubsection.6.16.5}{\376\377\000C\000a\000l\000o\000r\000e\000\040\000s\000p\000e\000c\000i\000f\000i\000c\000o\000\040\000a\000\040\000p\000r\000e\000s\000s\000i\000o\000n\000e\000\040\000c\000o\000s\000t\000a\000n\000t\000e}{subsection.6.16}% 167
\BOOKMARK [3][-]{subsubsection.6.16.6}{\376\377\000T\000r\000a\000s\000f\000o\000r\000m\000a\000z\000i\000o\000n\000e\000\040\000i\000s\000o\000t\000e\000r\000m\000a}{subsection.6.16}% 168
\BOOKMARK [4][-]{paragraph.6.16.6.1}{\376\377\000E\000s\000e\000m\000p\000i\000o\000\040\000e\000s\000p\000a\000n\000s\000i\000o\000n\000e\000\040\000i\000s\000o\000t\000e\000r\000m\000a}{subsubsection.6.16.6}% 169
\BOOKMARK [3][-]{subsubsection.6.16.7}{\376\377\000T\000r\000a\000s\000f\000o\000r\000m\000a\000z\000i\000o\000n\000e\000\040\000a\000d\000i\000a\000b\000a\000t\000i\000c\000a}{subsection.6.16}% 170
\BOOKMARK [2][-]{subsection.6.17}{\376\377\000T\000r\000a\000s\000f\000o\000r\000m\000a\000z\000i\000o\000n\000i\000\040\000c\000i\000c\000l\000i\000c\000h\000e}{section.6}% 171
\BOOKMARK [3][-]{subsubsection.6.17.1}{\376\377\000M\000a\000c\000c\000h\000i\000n\000e\000\040\000t\000e\000r\000m\000i\000c\000h\000e}{subsection.6.17}% 172
\BOOKMARK [3][-]{subsubsection.6.17.2}{\376\377\000M\000a\000c\000c\000h\000i\000n\000e\000\040\000f\000r\000i\000g\000o\000r\000i\000f\000e\000r\000e}{subsection.6.17}% 173
\BOOKMARK [2][-]{subsection.6.18}{\376\377\000C\000i\000c\000l\000o\000\040\000d\000i\000\040\000C\000a\000r\000n\000o\000t}{section.6}% 174
\BOOKMARK [2][-]{subsection.6.19}{\376\377\000S\000e\000c\000o\000n\000d\000o\000\040\000p\000r\000i\000n\000c\000i\000p\000i\000o\000\040\000d\000e\000l\000l\000a\000\040\000t\000e\000r\000m\000o\000d\000i\000n\000a\000m\000i\000c\000a}{section.6}% 175
\BOOKMARK [3][-]{subsubsection.6.19.1}{\376\377\000V\000e\000l\000o\000c\000e\000\040\000r\000e\000c\000a\000p\000\040\000s\000u\000l\000l\000e\000\040\000m\000a\000c\000c\000h\000i\000n\000e}{subsection.6.19}% 176
\BOOKMARK [4][-]{paragraph.6.19.1.1}{\376\377\000M\000a\000c\000c\000h\000i\000n\000e\000\040\000t\000e\000r\000m\000i\000c\000h\000e}{subsubsection.6.19.1}% 177
\BOOKMARK [4][-]{paragraph.6.19.1.2}{\376\377\000M\000a\000c\000c\000h\000i\000n\000e\000\040\000f\000r\000i\000g\000o\000r\000i\000f\000e\000r\000e}{subsubsection.6.19.1}% 178
\BOOKMARK [3][-]{subsubsection.6.19.2}{\376\377\000D\000i\000m\000o\000s\000t\000r\000a\000z\000i\000o\000n\000e\000\040\000d\000e\000l\000l\000'\000u\000g\000u\000a\000g\000l\000i\000a\000n\000z\000a\000\040\000d\000e\000l\000l\000e\000\040\0002\000\040\000p\000r\000i\000n\000c\000i\000p\000i}{subsection.6.19}% 179
\BOOKMARK [4][-]{paragraph.6.19.2.1}{\376\377\000K\000e\000l\000v\000i\000n\000\040\000=\000>\000\040\000C\000l\000a\000u\000s\000i\000u\000s}{subsubsection.6.19.2}% 180
\BOOKMARK [4][-]{paragraph.6.19.2.2}{\376\377\000C\000l\000a\000u\000s\000i\000u\000s\000\040\000=\000>\000\040\000K\000e\000l\000v\000i\000n}{subsubsection.6.19.2}% 181
\BOOKMARK [2][-]{subsection.6.20}{\376\377\000T\000e\000o\000r\000e\000m\000a\000\040\000d\000i\000\040\000C\000a\000r\000n\000o\000t}{section.6}% 182
\BOOKMARK [3][-]{subsubsection.6.20.1}{\376\377\000C\000o\000r\000o\000l\000l\000a\000r\000i\000o\000\040\000e\000\040\000o\000s\000s\000e\000r\000v\000a\000z\000i\000o\000n\000i}{subsection.6.20}% 183
\BOOKMARK [2][-]{subsection.6.21}{\376\377\000T\000e\000o\000r\000e\000m\000a\000\040\000d\000i\000\040\000C\000l\000a\000u\000s\000i\000u\000s}{section.6}% 184
\BOOKMARK [2][-]{subsection.6.22}{\376\377\000E\000n\000t\000r\000o\000p\000i\000a}{section.6}% 185
\BOOKMARK [3][-]{subsubsection.6.22.1}{\376\377\000V\000a\000r\000i\000a\000z\000i\000o\000n\000e\000\040\000d\000i\000\040\000e\000n\000t\000r\000o\000p\000i\000a\000\040\000S}{subsection.6.22}% 186
\BOOKMARK [3][-]{subsubsection.6.22.2}{\376\377\000A\000l\000c\000u\000n\000e\000\040\000o\000s\000s\000e\000r\000v\000a\000z\000i\000o\000n\000i}{subsection.6.22}% 187
\BOOKMARK [3][-]{subsubsection.6.22.3}{\376\377\000V\000a\000r\000i\000a\000z\000i\000o\000n\000e\000\040\000d\000i\000\040\000e\000n\000t\000r\000o\000p\000i\000a\000\040\000p\000e\000r\000\040\000l\000e\000\040\000t\000r\000a\000s\000f\000o\000r\000m\000a\000z\000i\000o\000n\000i\000\040\000t\000e\000r\000m\000o\000d\000i\000n\000a\000m\000i\000c\000h\000e\000\040\000n\000o\000t\000e\000v\000o\000l\000i}{subsection.6.22}% 188
\BOOKMARK [4][-]{paragraph.6.22.3.1}{\376\377\000T\000r\000a\000s\000f\000o\000r\000m\000a\000z\000i\000o\000n\000e\000\040\000i\000s\000o\000t\000e\000r\000m\000a}{subsubsection.6.22.3}% 189
\BOOKMARK [4][-]{paragraph.6.22.3.2}{\376\377\000T\000r\000a\000s\000f\000o\000r\000m\000a\000z\000i\000o\000n\000e\000\040\000i\000s\000o\000c\000o\000r\000a}{subsubsection.6.22.3}% 190
\BOOKMARK [4][-]{paragraph.6.22.3.3}{\376\377\000T\000r\000a\000s\000f\000o\000r\000m\000a\000z\000i\000o\000n\000e\000\040\000i\000s\000o\000b\000a\000r\000a}{subsubsection.6.22.3}% 191
\BOOKMARK [4][-]{paragraph.6.22.3.4}{\376\377\000T\000r\000a\000s\000f\000o\000r\000m\000a\000z\000i\000o\000n\000e\000\040\000a\000d\000i\000a\000b\000a\000t\000i\000c\000a}{subsubsection.6.22.3}% 192
\BOOKMARK [4][-]{paragraph.6.22.3.5}{\376\377\000C\000a\000m\000b\000i\000\040\000d\000i\000\040\000f\000a\000s\000e\000\040\000\050\000n\000o\000n\000\040\000n\000e\000c\000e\000s\000s\000a\000r\000i\000a\000m\000e\000n\000t\000e\000\040\000g\000a\000s\000\040\000i\000d\000e\000a\000l\000i\000\051}{subsubsection.6.22.3}% 193
\BOOKMARK [3][-]{subsubsection.6.22.4}{\376\377\000D\000i\000a\000g\000r\000a\000m\000m\000i\000\040\000T\000-\000S}{subsection.6.22}% 194
\BOOKMARK [3][-]{subsubsection.6.22.5}{\376\377\000T\000e\000o\000r\000e\000m\000a\000\040\000d\000e\000l\000l\000'\000e\000n\000t\000r\000o\000p\000i\000a\000\040\000\050\000f\000o\000r\000m\000u\000l\000a\000z\000i\000o\000n\000e\000\040\000m\000a\000t\000e\000m\000a\000t\000i\000c\000a\000\040\000d\000e\000l\000\040\000s\000e\000c\000o\000n\000d\000o\000\040\000p\000r\000i\000n\000c\000i\000p\000i\000o\000\040\000d\000e\000l\000l\000a\000\040\000t\000e\000r\000m\000o\000d\000i\000n\000a\000m\000i\000c\000a\000\051}{subsection.6.22}% 195
\BOOKMARK [2][-]{subsection.6.23}{\376\377\000E\000s\000e\000r\000c\000i\000z\000i\000\040\000t\000e\000r\000m\000o\000d\000i\000n\000a\000m\000i\000c\000a}{section.6}% 196
\BOOKMARK [3][-]{subsubsection.6.23.1}{\376\377\000E\000s\000e\000r\000c\000i\000z\000i\000o\000\040\000n\000.\0001\0000\000,\000\040\000e\000s\000a\000m\000e\000\040\000g\000i\000u\000g\000n\000o\0002\0000\0002\0001\000b}{subsection.6.23}% 197
\BOOKMARK [3][-]{subsubsection.6.23.2}{\376\377\000E\000n\000t\000r\000o\000p\000i\000a\000\040\000e\000s\000e\000r\000c\000i\000z\000i\000o\000\040\000n\000.\0001\0000\000,\000\040\000e\000s\000a\000m\000e\000\040\000g\000i\000u\000g\000n\000o\0002\0000\0002\0001\000b}{subsection.6.23}% 198
\BOOKMARK [1][-]{section.7}{\376\377\000E\000l\000e\000t\000t\000r\000o\000m\000a\000g\000n\000e\000t\000i\000s\000m\000o}{}% 199
\BOOKMARK [2][-]{subsection.7.1}{\376\377\000R\000o\000b\000a\000\040\000d\000i\000\040\000S\000a\000m\000u\000e\000l\000e}{section.7}% 200
\BOOKMARK [2][-]{subsection.7.2}{\376\377\000P\000r\000i\000n\000c\000i\000p\000i\000o\000\040\000d\000i\000\040\000s\000o\000v\000r\000a\000p\000p\000o\000s\000i\000z\000i\000o\000n\000e}{section.7}% 201
\BOOKMARK [2][-]{subsection.7.3}{\376\377\000C\000a\000m\000p\000o\000\040\000e\000l\000e\000t\000t\000r\000i\000c\000o}{section.7}% 202
\BOOKMARK [3][-]{subsubsection.7.3.1}{\376\377\000C\000a\000m\000p\000o\000\040\000e\000l\000e\000t\000t\000r\000i\000c\000o\000\040\000p\000e\000r\000\040\000c\000a\000m\000p\000o\000\040\000p\000u\000n\000t\000i\000f\000o\000r\000m\000e}{subsection.7.3}% 203
\BOOKMARK [3][-]{subsubsection.7.3.2}{\376\377\000C\000a\000m\000p\000o\000\040\000d\000i\000\040\000d\000i\000p\000o\000l\000o}{subsection.7.3}% 204
\BOOKMARK [3][-]{subsubsection.7.3.3}{\376\377\000E\000s\000e\000m\000p\000i\000o\000\040\000d\000i\000\040\000e\000s\000e\000r\000c\000i\000z\000i\000o\000\040\000c\000o\000n\000\040\000i\000l\000\040\000c\000a\000m\000p\000o\000\040\000e\000l\000e\000t\000t\000r\000i\000c\000o}{subsection.7.3}% 205
